<?xml version="1.0" encoding="UTF-8"?>
<!-- Generated by org.testng.reporters.JUnitReportReporter -->
<testsuite skipped="0" hostname="PUN-RPATIDAR01" name="tests.DemoQATest" tests="1" failures="0" timestamp="2020-04-19T08:17:01 IST" time="2.882" errors="0">
  <testcase name="automationPracticeForm" time="2.882" classname="tests.DemoQATest"/>
  <system-out/>
</testsuite> <!-- tests.DemoQATest -->
