<?xml version="1.0" encoding="UTF-8"?>
<!-- Generated by org.testng.reporters.JUnitReportReporter -->
<testsuite skipped="0" hostname="PUN-RPATIDAR01" name="tests.HtmlContactFromTest" tests="1" failures="0" timestamp="2020-04-19T09:34:21 IST" time="3.563" errors="0">
  <testcase name="htmlContactFormTest" time="3.563" classname="tests.HtmlContactFromTest"/>
  <system-out/>
</testsuite> <!-- tests.HtmlContactFromTest -->
