<?xml version="1.0" encoding="UTF-8"?>
<!-- Generated by org.testng.reporters.JUnitReportReporter -->
<testsuite skipped="0" hostname="PUN-RPATIDAR01" name="utility.TestRunner" tests="1" failures="0" timestamp="2020-04-18T22:33:49 IST" time="23.827" errors="0">
  <testcase name="test" time="23.827" classname="utility.TestRunner"/>
  <system-out/>
</testsuite> <!-- utility.TestRunner -->
